<?xml version="1.0" encoding="UTF-8"?>
<!-- Generated by org.testng.reporters.JUnitXMLReporter -->
<testsuite hostname="DESKTOP-AFL99BT" name="Test" tests="6" failures="1" timestamp="15 Apr 2018 04:48:33 GMT" time="0.064" errors="0">
  <testcase name="one" time="0.01" classname="Test1.TestNGLearn"/>
  <testcase name="two" time="0.005" classname="Test1.TestNGLearn">
    <skipped/>
  </testcase> <!-- two -->
  <testcase name="two" time="0.006" classname="Test1.TestNGLearn">
    <skipped/>
  </testcase> <!-- two -->
  <testcase name="two" time="0.001" classname="Test1.TestNGLearn">
    <skipped/>
  </testcase> <!-- two -->
  <testcase name="two" time="0.003" classname="Test1.TestNGLearn">
    <skipped/>
  </testcase> <!-- two -->
  <testcase name="two" time="0.004" classname="Test1.TestNGLearn">
    <failure type="java.lang.AssertionError" message="expected:&amp;lt;false&amp;gt; but was:&amp;lt;true&amp;gt;">
      <![CDATA[java.lang.AssertionError: expected:<false> but was:<true>
	at org.junit.Assert.fail(Assert.java:88)
	at org.junit.Assert.failNotEquals(Assert.java:834)
	at org.junit.Assert.assertEquals(Assert.java:118)
	at org.junit.Assert.assertEquals(Assert.java:144)
	at Test1.TestNGLearn.two(TestNGLearn.java:17)
... Removed 24 stack frames]]>
    </failure>
  </testcase> <!-- two -->
</testsuite> <!-- Test -->
